<?xml version="1.0" encoding="UTF-8"?>
<testsuite xmlns:xsi="http://www.w3.org/2001/XMLSchema-instance" xsi:noNamespaceSchemaLocation="https://maven.apache.org/surefire/maven-surefire-plugin/xsd/surefire-test-report-3.0.xsd" version="3.0" name="org.acme.telemetry.TelemetryValidatorTest" time="0.178" tests="15" errors="0" skipped="0" failures="0">
  <properties>
[...]
</properties>
  <testcase name="validateResolution_ValidResolutions_NoException(String)[1]" classname="org.acme.telemetry.TelemetryValidatorTest" time="0.043"/>
  <testcase name="validateResolution_ValidResolutions_NoException(String)[2]" classname="org.acme.telemetry.TelemetryValidatorTest" time="0.002"/>
  <testcase name="validateResolution_ValidResolutions_NoException(String)[3]" classname="org.acme.telemetry.TelemetryValidatorTest" time="0.003"/>
  <testcase name="validateResolution_ValidResolutions_NoException(String)[4]" classname="org.acme.telemetry.TelemetryValidatorTest" time="0.003"/>
  <testcase name="validateResolution_ValidResolutions_NoException(String)[5]" classname="org.acme.telemetry.TelemetryValidatorTest" time="0.002"/>
  <testcase name="validateResolution_ValidResolutions_NoException(String)[6]" classname="org.acme.telemetry.TelemetryValidatorTest" time="0.003"/>
  <testcase name="validateResolution_ValidResolutions_NoException(String)[7]" classname="org.acme.telemetry.TelemetryValidatorTest" time="0.002"/>
  <testcase name="validateResolution_ValidResolutions_NoException(String)[8]" classname="org.acme.telemetry.TelemetryValidatorTest" time="0.001"/>
  <testcase name="validateResolution_ValidResolutions_NoException(String)[9]" classname="org.acme.telemetry.TelemetryValidatorTest" time="0.002"/>
  <testcase name="validateResolution_ValidResolutions_NoException(String)[10]" classname="org.acme.telemetry.TelemetryValidatorTest" time="0.002"/>
  <testcase name="validateResolution_InvalidResolution_ThrowsException" classname="org.acme.telemetry.TelemetryValidatorTest" time="0.004"/>
  <testcase name="validateTimeRange_RangeTooLarge_ThrowsException" classname="org.acme.telemetry.TelemetryValidatorTest" time="0.005"/>
  <testcase name="validateTimeRange_FromAfterTo_ThrowsException" classname="org.acme.telemetry.TelemetryValidatorTest" time="0.002"/>
  <testcase name="validateResolution_NullResolution_ThrowsException" classname="org.acme.telemetry.TelemetryValidatorTest" time="0.002"/>
  <testcase name="validateTimeRange_ValidRange_NoException" classname="org.acme.telemetry.TelemetryValidatorTest" time="0.002"/>
</testsuite>